<?xml version="1.0" encoding="UTF-8"?>
<!-- Generated by org.testng.reporters.JUnitReportReporter -->
<testsuite skipped="0" hostname="DESKTOP-TD6L0N5" name="admintests.AddCategoryTest" tests="2" failures="0" timestamp="2020-02-08T18:23:05 EET" time="16.084" errors="0">
  <testcase name="adminCanLoginSuccessfully" time="2.961" classname="admintests.AddCategoryTest"/>
  <system-out/>
  <testcase name="adminCanAddCategory" time="13.123" classname="admintests.AddCategoryTest"/>
  <system-out/>
</testsuite> <!-- admintests.AddCategoryTest -->
