<?xml version="1.0" encoding="UTF-8"?>
<!-- Generated by org.testng.reporters.JUnitReportReporter -->
<testsuite skipped="0" hostname="DESKTOP-TD6L0N5" name="admintests.PreviewPostTest" tests="5" failures="0" timestamp="2020-02-11T01:21:04 EET" time="23.493" errors="0">
  <testcase name="adminCanLoginSuccessfully" time="2.244" classname="admintests.PreviewPostTest"/>
  <system-out/>
  <testcase name="adminCanAddCategory" time="4.852" classname="admintests.PreviewPostTest"/>
  <system-out/>
  <testcase name="addnewPost" time="4.478" classname="admintests.PreviewPostTest"/>
  <system-out/>
  <testcase name="AdminCanEditpost" time="5.819" classname="admintests.PreviewPostTest"/>
  <system-out/>
  <testcase name="AdminCanLivePreviewPost" time="6.100" classname="admintests.PreviewPostTest"/>
  <system-out/>
</testsuite> <!-- admintests.PreviewPostTest -->
