<?xml version="1.0" encoding="UTF-8"?>
<!-- Generated by org.testng.reporters.JUnitReportReporter -->
<testsuite skipped="0" hostname="DESKTOP-TD6L0N5" name="admintests.AddNewPostTest" tests="4" failures="0" timestamp="2020-02-09T14:57:50 EET" time="12.361" errors="0">
  <testcase name="adminCanLoginSuccessfully" time="1.335" classname="admintests.AddNewPostTest"/>
  <system-out/>
  <testcase name="adminCanAddCategory" time="4.849" classname="admintests.AddNewPostTest"/>
  <system-out/>
  <testcase name="addnewPost" time="5.866" classname="admintests.AddNewPostTest"/>
  <system-out/>
  <testcase name="logoutBlog" time="0.311" classname="admintests.AddNewPostTest"/>
  <system-out/>
</testsuite> <!-- admintests.AddNewPostTest -->
