<?xml version="1.0" encoding="UTF-8"?>
<!-- Generated by org.testng.reporters.JUnitReportReporter -->
<testsuite skipped="0" hostname="DESKTOP-TD6L0N5" name="admintests.AdminCanUpdatePost" tests="6" failures="0" timestamp="2020-02-11T00:07:08 EET" time="25.291" errors="0">
  <testcase name="adminCanLoginSuccessfully" time="1.261" classname="admintests.AdminCanUpdatePost"/>
  <system-out/>
  <testcase name="adminCanAddCategory" time="4.984" classname="admintests.AdminCanUpdatePost"/>
  <system-out/>
  <testcase name="addnewPost" time="5.040" classname="admintests.AdminCanUpdatePost"/>
  <system-out/>
  <testcase name="AdminCanEditpost" time="6.056" classname="admintests.AdminCanUpdatePost"/>
  <system-out/>
  <testcase name="AdminCanDeletePost" time="5.663" classname="admintests.AdminCanUpdatePost"/>
  <system-out/>
  <testcase name="logoutBlog" time="2.287" classname="admintests.AdminCanUpdatePost"/>
  <system-out/>
</testsuite> <!-- admintests.AdminCanUpdatePost -->
