<?xml version="1.0" encoding="UTF-8"?>
<!-- Generated by org.testng.reporters.JUnitReportReporter -->
<testsuite skipped="0" hostname="DESKTOP-TD6L0N5" name="admintests.LoginTest" tests="1" failures="0" timestamp="2020-02-08T15:55:04 EET" time="3.231" errors="0">
  <testcase name="userCanLoginSuccessfully" time="3.231" classname="admintests.LoginTest"/>
  <system-out/>
</testsuite> <!-- admintests.LoginTest -->
