<?xml version="1.0" encoding="UTF-8"?>
<!-- Generated by org.testng.reporters.JUnitReportReporter -->
<testsuite skipped="0" hostname="DESKTOP-TD6L0N5" name="tests.LoginTest" tests="1" failures="0" timestamp="2020-02-08T15:06:35 EET" time="2.909" errors="0">
  <testcase name="userCanLoginSuccessfully" time="2.909" classname="tests.LoginTest"/>
  <system-out/>
</testsuite> <!-- tests.LoginTest -->
