<?xml version="1.0" encoding="UTF-8"?>
<!-- Generated by org.testng.reporters.JUnitReportReporter -->
<testsuite skipped="0" hostname="DESKTOP-TD6L0N5" name="admintests.AddAdminTest" tests="5" failures="0" timestamp="2020-02-09T17:22:50 EET" time="19.170" errors="0">
  <testcase name="adminCanLoginSuccessfully" time="3.168" classname="admintests.AddAdminTest"/>
  <system-out/>
  <testcase name="addNewAdmin" time="3.174" classname="admintests.AddAdminTest"/>
  <system-out/>
  <testcase name="Adminlogout" time="2.279" classname="admintests.AddAdminTest"/>
  <system-out/>
  <testcase name="LoginPageNewAdmin" time="2.748" classname="admintests.AddAdminTest"/>
  <system-out/>
  <testcase name="deleteNewAdmin" time="7.801" classname="admintests.AddAdminTest"/>
  <system-out/>
</testsuite> <!-- admintests.AddAdminTest -->
